2025-05-12 14:19:33,507 - core.firebase_manager - INFO - Current workplace set to: esports_arena
2025-05-12 14:19:33,665 - core.firebase_manager - INFO - Retrieved 1 workers for esports_arena
2025-05-12 14:19:33,759 - core.firebase_manager - INFO - Retrieved hours of operation for esports_arena from nested structure
2025-05-12 14:19:34,642 - core.firebase_manager - INFO - Current workplace set to: esports_lounge
2025-05-12 14:19:34,849 - core.firebase_manager - INFO - Retrieved 19 workers for esports_lounge
2025-05-12 14:19:34,948 - core.firebase_manager - INFO - Retrieved hours of operation for esports_lounge from nested structure
2025-05-12 15:15:42,388 - core.config - INFO - Firebase initialized successfully
2025-05-12 15:15:42,389 - __main__ - INFO - Firebase initialized successfully at startup
2025-05-12 15:15:42,389 - core.firebase_manager - INFO - Using existing Firebase app
2025-05-12 15:15:43,159 - core.firebase_manager - INFO - Current workplace set to: esports_lounge
2025-05-12 15:15:43,410 - core.firebase_manager - INFO - Retrieved 19 workers for esports_lounge
2025-05-12 15:15:43,538 - core.firebase_manager - INFO - Retrieved hours of operation for esports_lounge from nested structure
2025-05-12 15:15:43,894 - core.firebase_manager - INFO - Current workplace set to: esports_lounge
2025-05-12 15:15:44,209 - core.firebase_manager - INFO - Current workplace set to: esports_arena
2025-05-12 15:15:44,453 - core.firebase_manager - INFO - Retrieved 1 workers for esports_arena
2025-05-12 15:15:44,558 - core.firebase_manager - INFO - Retrieved hours of operation for esports_arena from nested structure
2025-05-12 15:15:44,885 - core.firebase_manager - INFO - Current workplace set to: esports_arena
2025-05-12 15:15:45,204 - core.firebase_manager - INFO - Current workplace set to: it_service_center
2025-05-12 15:15:45,516 - core.firebase_manager - INFO - Retrieved 25 workers for it_service_center
2025-05-12 15:15:45,639 - core.firebase_manager - INFO - Retrieved hours of operation for it_service_center from nested structure
2025-05-12 15:15:46,034 - core.firebase_manager - INFO - Current workplace set to: it_service_center
2025-05-12 15:15:48,821 - core.firebase_manager - INFO - Current workplace set to: esports_arena
2025-05-12 15:15:49,065 - core.firebase_manager - INFO - Retrieved 1 workers for esports_arena
2025-05-12 15:15:49,152 - core.firebase_manager - INFO - Retrieved hours of operation for esports_arena from nested structure
2025-05-12 15:15:49,996 - core.firebase_manager - INFO - Current workplace set to: it_service_center
2025-05-12 15:15:50,463 - core.firebase_manager - INFO - Retrieved 25 workers for it_service_center
2025-05-12 15:15:50,559 - core.firebase_manager - INFO - Retrieved hours of operation for it_service_center from nested structure
2025-05-12 15:15:58,240 - core.firebase_manager - INFO - Retrieved 2 schedules for it_service_center
2025-05-12 15:15:58,548 - core.firebase_manager - INFO - Current workplace set to: it_service_center
2025-05-12 15:15:58,781 - core.firebase_manager - INFO - Retrieved 25 workers for it_service_center
2025-05-12 15:16:57,718 - core.config - INFO - Firebase initialized successfully
2025-05-12 15:16:57,719 - __main__ - INFO - Firebase initialized successfully at startup
2025-05-12 15:16:57,719 - core.firebase_manager - INFO - Using existing Firebase app
2025-05-12 15:16:58,448 - core.firebase_manager - INFO - Current workplace set to: esports_lounge
2025-05-12 15:16:58,709 - core.firebase_manager - INFO - Retrieved 19 workers for esports_lounge
2025-05-12 15:16:58,855 - core.firebase_manager - INFO - Retrieved hours of operation for esports_lounge from nested structure
2025-05-12 15:16:59,208 - core.firebase_manager - INFO - Current workplace set to: esports_lounge
2025-05-12 15:16:59,540 - core.firebase_manager - INFO - Current workplace set to: esports_arena
2025-05-12 15:16:59,770 - core.firebase_manager - INFO - Retrieved 1 workers for esports_arena
2025-05-12 15:16:59,899 - core.firebase_manager - INFO - Retrieved hours of operation for esports_arena from nested structure
2025-05-12 15:17:00,223 - core.firebase_manager - INFO - Current workplace set to: esports_arena
2025-05-12 15:17:00,569 - core.firebase_manager - INFO - Current workplace set to: it_service_center
2025-05-12 15:17:00,876 - core.firebase_manager - INFO - Retrieved 25 workers for it_service_center
2025-05-12 15:17:00,999 - core.firebase_manager - INFO - Retrieved hours of operation for it_service_center from nested structure
2025-05-12 15:17:01,339 - core.firebase_manager - INFO - Current workplace set to: it_service_center
2025-05-12 15:17:07,254 - core.firebase_manager - INFO - Current workplace set to: esports_arena
2025-05-12 15:17:07,479 - core.firebase_manager - INFO - Retrieved 1 workers for esports_arena
2025-05-12 15:17:07,606 - core.firebase_manager - INFO - Retrieved hours of operation for esports_arena from nested structure
2025-05-12 15:17:08,519 - core.firebase_manager - INFO - Current workplace set to: it_service_center
2025-05-12 15:17:08,760 - core.firebase_manager - INFO - Retrieved 25 workers for it_service_center
2025-05-12 15:17:08,868 - core.firebase_manager - INFO - Retrieved hours of operation for it_service_center from nested structure
2025-05-12 15:17:10,689 - core.firebase_manager - INFO - Current workplace set to: esports_lounge
2025-05-12 15:17:10,933 - core.firebase_manager - INFO - Retrieved 19 workers for esports_lounge
2025-05-12 15:17:11,030 - core.firebase_manager - INFO - Retrieved hours of operation for esports_lounge from nested structure
2025-05-12 15:17:45,328 - core.firebase_manager - INFO - Current workplace set to: esports_arena
2025-05-12 15:17:45,572 - core.firebase_manager - INFO - Retrieved 1 workers for esports_arena
2025-05-12 15:17:45,691 - core.firebase_manager - INFO - Retrieved hours of operation for esports_arena from nested structure
2025-05-12 15:17:46,439 - core.firebase_manager - INFO - Current workplace set to: it_service_center
2025-05-12 15:17:46,704 - core.firebase_manager - INFO - Retrieved 25 workers for it_service_center
2025-05-12 15:17:46,812 - core.firebase_manager - INFO - Retrieved hours of operation for it_service_center from nested structure
2025-05-12 15:17:50,797 - core.firebase_manager - INFO - Current workplace set to: esports_lounge
2025-05-12 15:17:51,037 - core.firebase_manager - INFO - Retrieved 19 workers for esports_lounge
2025-05-12 15:17:51,147 - core.firebase_manager - INFO - Retrieved hours of operation for esports_lounge from nested structure
2025-05-12 15:25:38,426 - core.config - INFO - Firebase initialized successfully
2025-05-12 15:25:38,426 - __main__ - INFO - Firebase initialized successfully at startup
2025-05-12 15:25:38,427 - core.firebase_manager - INFO - Using existing Firebase app
2025-05-12 15:25:39,412 - core.firebase_manager - INFO - Current workplace set to: esports_lounge
2025-05-12 15:25:39,648 - core.firebase_manager - INFO - Retrieved 19 workers for esports_lounge
2025-05-12 15:25:39,786 - core.firebase_manager - INFO - Retrieved hours of operation for esports_lounge from nested structure
2025-05-12 15:25:40,117 - core.firebase_manager - INFO - Current workplace set to: esports_lounge
2025-05-12 15:25:40,455 - core.firebase_manager - INFO - Current workplace set to: esports_arena
2025-05-12 15:25:40,941 - core.firebase_manager - INFO - Retrieved 1 workers for esports_arena
2025-05-12 15:25:41,059 - core.firebase_manager - INFO - Retrieved hours of operation for esports_arena from nested structure
2025-05-12 15:25:41,389 - core.firebase_manager - INFO - Current workplace set to: esports_arena
2025-05-12 15:25:41,705 - core.firebase_manager - INFO - Current workplace set to: it_service_center
2025-05-12 15:25:41,933 - core.firebase_manager - INFO - Retrieved 25 workers for it_service_center
2025-05-12 15:25:42,059 - core.firebase_manager - INFO - Retrieved hours of operation for it_service_center from nested structure
2025-05-12 15:25:42,398 - core.firebase_manager - INFO - Current workplace set to: it_service_center
2025-05-12 15:33:01,715 - core.config - INFO - Firebase initialized successfully
2025-05-12 15:33:01,716 - __main__ - INFO - Firebase initialized successfully at startup
2025-05-12 15:33:01,716 - core.firebase_manager - INFO - Using existing Firebase app
2025-05-12 15:33:02,447 - core.firebase_manager - INFO - Current workplace set to: esports_lounge
2025-05-12 15:33:02,682 - core.firebase_manager - INFO - Retrieved 19 workers for esports_lounge
2025-05-12 15:33:02,791 - core.firebase_manager - INFO - Retrieved hours of operation for esports_lounge from nested structure
2025-05-12 15:33:03,147 - core.firebase_manager - INFO - Current workplace set to: esports_lounge
2025-05-12 15:33:03,454 - core.firebase_manager - INFO - Current workplace set to: esports_arena
2025-05-12 15:33:03,681 - core.firebase_manager - INFO - Retrieved 1 workers for esports_arena
2025-05-12 15:33:03,788 - core.firebase_manager - INFO - Retrieved hours of operation for esports_arena from nested structure
2025-05-12 15:33:04,118 - core.firebase_manager - INFO - Current workplace set to: esports_arena
2025-05-12 15:33:04,470 - core.firebase_manager - INFO - Current workplace set to: it_service_center
2025-05-12 15:33:04,713 - core.firebase_manager - INFO - Retrieved 25 workers for it_service_center
2025-05-12 15:33:04,821 - core.firebase_manager - INFO - Retrieved hours of operation for it_service_center from nested structure
2025-05-12 15:33:05,173 - core.firebase_manager - INFO - Current workplace set to: it_service_center
2025-05-12 15:40:54,595 - core.config - INFO - Firebase initialized successfully
2025-05-12 15:40:54,595 - __main__ - INFO - Firebase initialized successfully at startup
2025-05-12 15:40:54,595 - core.firebase_manager - INFO - Using existing Firebase app
2025-05-12 15:40:55,382 - core.firebase_manager - INFO - Current workplace set to: esports_lounge
2025-05-12 15:40:55,630 - core.firebase_manager - INFO - Retrieved 19 workers for esports_lounge
2025-05-12 15:40:55,815 - core.firebase_manager - INFO - Retrieved hours of operation for esports_lounge from nested structure
2025-05-12 15:40:56,153 - core.firebase_manager - INFO - Current workplace set to: esports_lounge
2025-05-12 15:40:56,507 - core.firebase_manager - INFO - Current workplace set to: esports_arena
2025-05-12 15:40:56,714 - core.firebase_manager - INFO - Retrieved 1 workers for esports_arena
2025-05-12 15:40:56,862 - core.firebase_manager - INFO - Retrieved hours of operation for esports_arena from nested structure
2025-05-12 15:40:57,217 - core.firebase_manager - INFO - Current workplace set to: esports_arena
2025-05-12 15:40:57,523 - core.firebase_manager - INFO - Current workplace set to: it_service_center
2025-05-12 15:40:57,764 - core.firebase_manager - INFO - Retrieved 25 workers for it_service_center
2025-05-12 15:40:57,879 - core.firebase_manager - INFO - Retrieved hours of operation for it_service_center from nested structure
2025-05-12 15:40:58,237 - core.firebase_manager - INFO - Current workplace set to: it_service_center
2025-05-12 15:41:52,751 - core.config - INFO - Firebase initialized successfully
2025-05-12 15:41:52,752 - __main__ - INFO - Firebase initialized successfully at startup
2025-05-12 15:41:52,752 - core.firebase_manager - INFO - Using existing Firebase app
2025-05-12 15:41:53,460 - core.firebase_manager - INFO - Current workplace set to: esports_lounge
2025-05-12 15:41:53,704 - core.firebase_manager - INFO - Retrieved 19 workers for esports_lounge
2025-05-12 15:41:53,841 - core.firebase_manager - INFO - Retrieved hours of operation for esports_lounge from nested structure
2025-05-12 15:41:54,451 - core.firebase_manager - INFO - Current workplace set to: esports_lounge
2025-05-12 15:41:54,801 - core.firebase_manager - INFO - Current workplace set to: esports_arena
2025-05-12 15:41:55,016 - core.firebase_manager - INFO - Retrieved 1 workers for esports_arena
2025-05-12 15:41:55,092 - core.firebase_manager - INFO - Retrieved hours of operation for esports_arena from nested structure
2025-05-12 15:41:55,459 - core.firebase_manager - INFO - Current workplace set to: esports_arena
2025-05-12 15:41:55,810 - core.firebase_manager - INFO - Current workplace set to: it_service_center
2025-05-12 15:41:56,036 - core.firebase_manager - INFO - Retrieved 25 workers for it_service_center
2025-05-12 15:41:56,439 - core.firebase_manager - INFO - Retrieved hours of operation for it_service_center from nested structure
2025-05-12 15:41:56,747 - core.firebase_manager - INFO - Current workplace set to: it_service_center
2025-05-12 15:45:35,451 - core.config - INFO - Firebase initialized successfully
2025-05-12 15:45:35,451 - __main__ - INFO - Firebase initialized successfully at startup
2025-05-12 15:45:35,451 - core.firebase_manager - INFO - Using existing Firebase app
2025-05-12 15:45:36,167 - core.firebase_manager - INFO - Current workplace set to: esports_lounge
2025-05-12 15:45:36,400 - core.firebase_manager - INFO - Retrieved 19 workers for esports_lounge
2025-05-12 15:45:36,516 - core.firebase_manager - INFO - Retrieved hours of operation for esports_lounge from nested structure
2025-05-12 15:45:36,968 - core.firebase_manager - INFO - Current workplace set to: esports_lounge
2025-05-12 15:45:37,329 - core.firebase_manager - INFO - Current workplace set to: esports_arena
2025-05-12 15:45:37,560 - core.firebase_manager - INFO - Retrieved 1 workers for esports_arena
2025-05-12 15:45:37,693 - core.firebase_manager - INFO - Retrieved hours of operation for esports_arena from nested structure
2025-05-12 15:45:37,976 - core.firebase_manager - INFO - Current workplace set to: esports_arena
2025-05-12 15:45:38,315 - core.firebase_manager - INFO - Current workplace set to: it_service_center
2025-05-12 15:45:38,523 - core.firebase_manager - INFO - Retrieved 25 workers for it_service_center
2025-05-12 15:45:38,641 - core.firebase_manager - INFO - Retrieved hours of operation for it_service_center from nested structure
2025-05-12 15:45:38,852 - core.firebase_manager - INFO - Current workplace set to: it_service_center
2025-05-12 15:45:41,721 - core.firebase_manager - INFO - Current workplace set to: esports_arena
2025-05-12 15:45:41,867 - core.firebase_manager - INFO - Retrieved 1 workers for esports_arena
2025-05-12 15:45:41,944 - core.firebase_manager - INFO - Retrieved hours of operation for esports_arena from nested structure
2025-05-12 15:45:42,248 - core.firebase_manager - INFO - Current workplace set to: it_service_center
2025-05-12 15:45:42,414 - core.firebase_manager - INFO - Retrieved 25 workers for it_service_center
2025-05-12 15:45:42,508 - core.firebase_manager - INFO - Retrieved hours of operation for it_service_center from nested structure
2025-05-12 15:45:43,390 - core.firebase_manager - INFO - Current workplace set to: esports_arena
2025-05-12 15:45:43,546 - core.firebase_manager - INFO - Retrieved 1 workers for esports_arena
2025-05-12 15:45:43,626 - core.firebase_manager - INFO - Retrieved hours of operation for esports_arena from nested structure
2025-05-12 15:45:43,985 - core.firebase_manager - INFO - Current workplace set to: esports_lounge
2025-05-12 15:45:44,149 - core.firebase_manager - INFO - Retrieved 19 workers for esports_lounge
2025-05-12 15:45:44,229 - core.firebase_manager - INFO - Retrieved hours of operation for esports_lounge from nested structure
